<?xml version="1.0" encoding="UTF-8"?>
<!-- Generated by org.testng.reporters.JUnitReportReporter -->
<testsuite skipped="0" hostname="Sony-VAIO" name="com.testng.Groups" tests="5" failures="0" timestamp="20 Nov 2018 06:19:23 GMT" time="0.011" errors="0">
  <testcase name="Flow" time="0.002" classname="com.testng.Groups"/>
  <testcase name="skywalk" time="0.002" classname="com.testng.Groups"/>
  <testcase name="wind" time="0.003" classname="com.testng.Groups"/>
  <testcase name="forum" time="0.002" classname="com.testng.Groups"/>
  <testcase name="sathyam" time="0.002" classname="com.testng.Groups"/>
</testsuite> <!-- com.testng.Groups -->
