<?xml version="1.0" encoding="UTF-8"?>
<!-- Generated by org.testng.reporters.JUnitReportReporter -->
<testsuite skipped="0" hostname="Sony-VAIO" name="com.testng.DependsOnMethod" tests="1" failures="0" timestamp="20 Nov 2018 06:19:23 GMT" time="0.002" errors="0">
  <testcase name="openBrowser" time="0.002" classname="com.testng.DependsOnMethod"/>
</testsuite> <!-- com.testng.DependsOnMethod -->
